[debug] [2017-11-18T23:29:15.161Z] ----------------------------------------------------------------------
[debug] [2017-11-18T23:29:15.164Z] Command:       /usr/local/bin/node /usr/local/bin/firebase deploy
[debug] [2017-11-18T23:29:15.164Z] CLI Version:   3.10.0
[debug] [2017-11-18T23:29:15.164Z] Platform:      darwin
[debug] [2017-11-18T23:29:15.164Z] Node Version:  v6.11.3
[debug] [2017-11-18T23:29:15.165Z] Time:          Sat Nov 18 2017 18:29:15 GMT-0500 (EST)
[debug] [2017-11-18T23:29:15.165Z] ----------------------------------------------------------------------
[debug] 
[debug] [2017-11-18T23:29:15.177Z] > command requires scopes: ["email","openid","https://www.googleapis.com/auth/cloudplatformprojects.readonly","https://www.googleapis.com/auth/firebase","https://www.googleapis.com/auth/cloud-platform"]
[debug] [2017-11-18T23:29:15.177Z] > authorizing via signed-in user
[debug] [2017-11-18T23:29:15.179Z] > refreshing access token with scopes: ["email","https://www.googleapis.com/auth/cloud-platform","https://www.googleapis.com/auth/cloudplatformprojects.readonly","https://www.googleapis.com/auth/firebase","openid"]
[debug] [2017-11-18T23:29:15.179Z] >>> HTTP REQUEST POST https://www.googleapis.com/oauth2/v3/token { refresh_token: '1/nDZ6jiQEldToy6vm02pnc6TCpHrT8L2wsGdVZrzot-4',
  client_id: '563584335869-fgrhgmd47bqnekij5i8b5pr03ho849e6.apps.googleusercontent.com',
  client_secret: 'j9iVZfS8kkCEFUPaAeJV0sAi',
  grant_type: 'refresh_token',
  scope: 'email https://www.googleapis.com/auth/cloud-platform https://www.googleapis.com/auth/cloudplatformprojects.readonly https://www.googleapis.com/auth/firebase openid' } 
 Sat Nov 18 2017 18:29:15 GMT-0500 (EST)
[debug] [2017-11-18T23:29:16.594Z] <<< HTTP RESPONSE 200
[debug] [2017-11-18T23:29:16.613Z] >>> HTTP REQUEST GET https://admin.firebase.com/v1/projects/rate-your-dorms  
 Sat Nov 18 2017 18:29:16 GMT-0500 (EST)
[debug] [2017-11-18T23:29:19.400Z] <<< HTTP RESPONSE 200
[debug] [2017-11-18T23:29:19.401Z] >>> HTTP REQUEST GET https://admin.firebase.com/v1/database/rate-your-dorms/tokens  
 Sat Nov 18 2017 18:29:19 GMT-0500 (EST)
[debug] [2017-11-18T23:29:20.821Z] <<< HTTP RESPONSE 200
[info] 
[info] === Deploying to 'rate-your-dorms'...
[info] 
[info] i  deploying database, functions, hosting
[info] ✔  database: rules ready to deploy.
[debug] [2017-11-18T23:29:25.637Z] > [functions] package.json contents: {
  "name": "functions",
  "description": "Cloud Functions for Firebase",
  "dependencies": {
    "firebase-admin": "~4.2.1",
    "firebase-functions": "^0.5.7"
  },
  "private": true
}
[info] i  functions: ensuring necessary APIs are enabled...
[info] i  runtimeconfig: ensuring necessary APIs are enabled...
[debug] [2017-11-18T23:29:25.639Z] >>> HTTP REQUEST GET https://servicemanagement.googleapis.com/v1/services/cloudfunctions.googleapis.com/projectSettings/rate-your-dorms?view=CONSUMER_VIEW  
 Sat Nov 18 2017 18:29:25 GMT-0500 (EST)
[debug] [2017-11-18T23:29:25.639Z] >>> HTTP REQUEST GET https://servicemanagement.googleapis.com/v1/services/runtimeconfig.googleapis.com/projectSettings/rate-your-dorms?view=CONSUMER_VIEW  
 Sat Nov 18 2017 18:29:25 GMT-0500 (EST)
[debug] [2017-11-18T23:29:26.858Z] <<< HTTP RESPONSE 200
[info] ✔  functions: all necessary APIs are enabled
[debug] [2017-11-18T23:29:27.699Z] <<< HTTP RESPONSE 200
[info] ✔  runtimeconfig: all necessary APIs are enabled
[debug] [2017-11-18T23:29:27.700Z] >>> HTTP REQUEST GET https://appengine.googleapis.com/v1/apps/rate-your-dorms  
 Sat Nov 18 2017 18:29:27 GMT-0500 (EST)
[debug] [2017-11-18T23:29:27.700Z] >>> HTTP REQUEST GET https://apikeys.googleapis.com/v1/projects/rate-your-dorms/apiKeys  
 Sat Nov 18 2017 18:29:27 GMT-0500 (EST)
[debug] [2017-11-18T23:29:29.144Z] <<< HTTP RESPONSE 200
[debug] [2017-11-18T23:29:29.418Z] <<< HTTP RESPONSE 200
[info] i  functions: preparing functions directory for uploading...
[debug] [2017-11-18T23:29:30.574Z] >>> HTTP REQUEST GET https://runtimeconfig.googleapis.com/v1beta1/projects/rate-your-dorms/configs  
 Sat Nov 18 2017 18:29:30 GMT-0500 (EST)
[debug] [2017-11-18T23:29:31.511Z] <<< HTTP RESPONSE 200
[info] i  hosting: preparing public directory for upload...
[debug] [2017-11-18T23:29:33.401Z] >>> HTTP REQUEST PUT https://deploy.firebase.com/v1/hosting/rate-your-dorms/uploads/-KzGSmo02ouKUe_0ykOJ?fileCount=153&message=  
 Sat Nov 18 2017 18:29:33 GMT-0500 (EST)
